0 verbose cli /usr/local/bin/node /usr/local/bin/npm
1 info using npm@8.11.0
2 info using node@v16.16.0
3 timing npm:load:whichnode Completed in 0ms
4 timing config:load:defaults Completed in 2ms
5 timing config:load:file:/usr/local/lib/node_modules/npm/npmrc Completed in 2ms
6 timing config:load:builtin Completed in 2ms
7 timing config:load:cli Completed in 4ms
8 timing config:load:env Completed in 1ms
9 timing config:load:file:/Users/macbook/Documents/spout-mobile/.npmrc Completed in 0ms
10 timing config:load:project Completed in 6ms
11 timing config:load:file:/Users/macbook/Documents/spout-mobile/Applications/.npmrc Completed in 0ms
12 timing config:load:user Completed in 0ms
13 timing config:load:file:/usr/local/etc/npmrc Completed in 1ms
14 timing config:load:global Completed in 1ms
15 timing config:load:validate Completed in 0ms
16 timing config:load:credentials Completed in 1ms
17 timing config:load:setEnvs Completed in 1ms
18 timing config:load Completed in 20ms
19 timing npm:load:configload Completed in 20ms
20 timing npm:load:mkdirpcache Completed in 2ms
21 timing npm:load:mkdirplogs Completed in 1ms
22 verbose title npm run android
23 verbose argv "run" "android"
24 timing npm:load:setTitle Completed in 16ms
25 timing config:load:flatten Completed in 2ms
26 timing npm:load:display Completed in 4ms
27 verbose logfile logs-max:10 dir:/Users/macbook/Documents/spout-mobile/Applications/.npm/_logs
28 verbose logfile /Users/macbook/Documents/spout-mobile/Applications/.npm/_logs/2023-09-29T20_35_16_004Z-debug-0.log
29 timing npm:load:logFile Completed in 4ms
30 timing npm:load:timers Completed in 0ms
31 timing npm:load:configScope Completed in 0ms
32 timing npm:load Completed in 48ms
33 silly logfile done cleaning log files
34 http fetch GET 200 https://registry.npmjs.org/npm 3707ms (cache miss)
35 timing command:run Completed in 246491ms
36 notice
36 notice New [31mmajor[39m version of npm available! [31m8.11.0[39m -> [32m10.1.0[39m
36 notice Changelog: [36mhttps://github.com/npm/cli/releases/tag/v10.1.0[39m
36 notice Run [32mnpm install -g npm@10.1.0[39m to update!
36 notice
37 verbose exit 0
38 timing npm Completed in 246556ms
39 info ok
